  Album.cpp
D:\Proyectos\R-me\Server\Sockets_Server\Node.h(8,19): warning C4091: 'typedef ': se ha omitido a la izquierda de 'Song' cuando no hay ninguna variable declarada
D:\Proyectos\R-me\Server\Sockets_Server\Linkedlist.h(10,19): warning C4091: 'typedef ': se ha omitido a la izquierda de 'Node' cuando no hay ninguna variable declarada
D:\Proyectos\R-me\Server\Sockets_Server\Linkedlist.h(11,19): warning C4091: 'typedef ': se ha omitido a la izquierda de 'Song' cuando no hay ninguna variable declarada
D:\Proyectos\R-me\Server\Sockets_Server\Song.h(12,25): warning C4091: 'typedef ': se ha omitido a la izquierda de 'Linkedlist' cuando no hay ninguna variable declarada
D:\Proyectos\R-me\Server\Sockets_Server\Album.h(10,19): warning C4091: 'typedef ': se ha omitido a la izquierda de 'Song' cuando no hay ninguna variable declarada
D:\Proyectos\R-me\Server\Sockets_Server\Album.h(11,25): warning C4091: 'typedef ': se ha omitido a la izquierda de 'Linkedlist' cuando no hay ninguna variable declarada
  Node.cpp
D:\Proyectos\R-me\Server\Sockets_Server\Linkedlist.h(10,19): warning C4091: 'typedef ': se ha omitido a la izquierda de 'Node' cuando no hay ninguna variable declarada
D:\Proyectos\R-me\Server\Sockets_Server\Linkedlist.h(11,19): warning C4091: 'typedef ': se ha omitido a la izquierda de 'Song' cuando no hay ninguna variable declarada
D:\Proyectos\R-me\Server\Sockets_Server\Linkedlist.h(17,7): error C2079: 'Linkedlist::m_head' utiliza class 'Node' sin definir
D:\Proyectos\R-me\Server\Sockets_Server\Linkedlist.h(18,7): error C2079: 'Linkedlist::m_back' utiliza class 'Node' sin definir
D:\Proyectos\R-me\Server\Sockets_Server\Song.h(12,25): warning C4091: 'typedef ': se ha omitido a la izquierda de 'Linkedlist' cuando no hay ninguna variable declarada
D:\Proyectos\R-me\Server\Sockets_Server\Node.h(8,19): warning C4091: 'typedef ': se ha omitido a la izquierda de 'Song' cuando no hay ninguna variable declarada
  Playlist.cpp
D:\Proyectos\R-me\Server\Sockets_Server\Song.h(12,25): warning C4091: 'typedef ': se ha omitido a la izquierda de 'Linkedlist' cuando no hay ninguna variable declarada
D:\Proyectos\R-me\Server\Sockets_Server\Song.h(23,13): error C2079: 'Song::m_seeAlso' utiliza class 'Linkedlist' sin definir
D:\Proyectos\R-me\Server\Sockets_Server\Song.h(24,13): error C2079: 'Song::m_similars' utiliza class 'Linkedlist' sin definir
D:\Proyectos\R-me\Server\Sockets_Server\Node.h(8,19): warning C4091: 'typedef ': se ha omitido a la izquierda de 'Song' cuando no hay ninguna variable declarada
D:\Proyectos\R-me\Server\Sockets_Server\Linkedlist.h(10,19): warning C4091: 'typedef ': se ha omitido a la izquierda de 'Node' cuando no hay ninguna variable declarada
D:\Proyectos\R-me\Server\Sockets_Server\Linkedlist.h(11,19): warning C4091: 'typedef ': se ha omitido a la izquierda de 'Song' cuando no hay ninguna variable declarada
  Song.cpp
D:\Proyectos\R-me\Server\Sockets_Server\Node.h(8,19): warning C4091: 'typedef ': se ha omitido a la izquierda de 'Song' cuando no hay ninguna variable declarada
D:\Proyectos\R-me\Server\Sockets_Server\Linkedlist.h(10,19): warning C4091: 'typedef ': se ha omitido a la izquierda de 'Node' cuando no hay ninguna variable declarada
D:\Proyectos\R-me\Server\Sockets_Server\Linkedlist.h(11,19): warning C4091: 'typedef ': se ha omitido a la izquierda de 'Song' cuando no hay ninguna variable declarada
D:\Proyectos\R-me\Server\Sockets_Server\Song.h(12,25): warning C4091: 'typedef ': se ha omitido a la izquierda de 'Linkedlist' cuando no hay ninguna variable declarada
  Linkedlist.cpp
D:\Proyectos\R-me\Server\Sockets_Server\Song.h(12,25): warning C4091: 'typedef ': se ha omitido a la izquierda de 'Linkedlist' cuando no hay ninguna variable declarada
D:\Proyectos\R-me\Server\Sockets_Server\Song.h(23,13): error C2079: 'Song::m_seeAlso' utiliza class 'Linkedlist' sin definir
D:\Proyectos\R-me\Server\Sockets_Server\Song.h(24,13): error C2079: 'Song::m_similars' utiliza class 'Linkedlist' sin definir
D:\Proyectos\R-me\Server\Sockets_Server\Node.h(8,19): warning C4091: 'typedef ': se ha omitido a la izquierda de 'Song' cuando no hay ninguna variable declarada
D:\Proyectos\R-me\Server\Sockets_Server\Linkedlist.h(10,19): warning C4091: 'typedef ': se ha omitido a la izquierda de 'Node' cuando no hay ninguna variable declarada
D:\Proyectos\R-me\Server\Sockets_Server\Linkedlist.h(11,19): warning C4091: 'typedef ': se ha omitido a la izquierda de 'Song' cuando no hay ninguna variable declarada
  User.cpp
  Generando código...
